<?xml version="1.0" encoding="UTF-8"?>
<testsuite xmlns:xsi="http://www.w3.org/2001/XMLSchema-instance" xsi:noNamespaceSchemaLocation="https://maven.apache.org/surefire/maven-surefire-plugin/xsd/surefire-test-report.xsd" name="com.zhou.essearch.EssearchApplicationTests" time="9.077" tests="8" errors="8" skipped="0" failures="0">
  <properties>
    <property name="sun.desktop" value="windows"/>
    <property name="awt.toolkit" value="sun.awt.windows.WToolkit"/>
    <property name="file.encoding.pkg" value="sun.io"/>
    <property name="java.specification.version" value="1.8"/>
    <property name="sun.cpu.isalist" value="amd64"/>
    <property name="sun.jnu.encoding" value="GBK"/>
    <property name="java.class.path" value="C:\Users\IDEA_Project\ES-SpringBoot\springboot-elasticsearch\target\test-classes;C:\Users\IDEA_Project\ES-SpringBoot\springboot-elasticsearch\target\classes;C:\Program Files\BASE_JAVA\Maven\apache-maven-3.6.0-bin\TD-apache-maven\org\springframework\boot\spring-boot-starter-data-elasticsearch\2.1.1.RELEASE\spring-boot-starter-data-elasticsearch-2.1.1.RELEASE.jar;C:\Program Files\BASE_JAVA\Maven\apache-maven-3.6.0-bin\TD-apache-maven\org\springframework\boot\spring-boot-starter\2.1.1.RELEASE\spring-boot-starter-2.1.1.RELEASE.jar;C:\Program Files\BASE_JAVA\Maven\apache-maven-3.6.0-bin\TD-apache-maven\org\springframework\boot\spring-boot\2.1.1.RELEASE\spring-boot-2.1.1.RELEASE.jar;C:\Program Files\BASE_JAVA\Maven\apache-maven-3.6.0-bin\TD-apache-maven\org\springframework\boot\spring-boot-autoconfigure\2.1.1.RELEASE\spring-boot-autoconfigure-2.1.1.RELEASE.jar;C:\Program Files\BASE_JAVA\Maven\apache-maven-3.6.0-bin\TD-apache-maven\org\springframework\boot\spring-boot-starter-logging\2.1.1.RELEASE\spring-boot-starter-logging-2.1.1.RELEASE.jar;C:\Program Files\BASE_JAVA\Maven\apache-maven-3.6.0-bin\TD-apache-maven\ch\qos\logback\logback-classic\1.2.3\logback-classic-1.2.3.jar;C:\Program Files\BASE_JAVA\Maven\apache-maven-3.6.0-bin\TD-apache-maven\ch\qos\logback\logback-core\1.2.3\logback-core-1.2.3.jar;C:\Program Files\BASE_JAVA\Maven\apache-maven-3.6.0-bin\TD-apache-maven\org\apache\logging\log4j\log4j-to-slf4j\2.11.1\log4j-to-slf4j-2.11.1.jar;C:\Program Files\BASE_JAVA\Maven\apache-maven-3.6.0-bin\TD-apache-maven\org\apache\logging\log4j\log4j-api\2.11.1\log4j-api-2.11.1.jar;C:\Program Files\BASE_JAVA\Maven\apache-maven-3.6.0-bin\TD-apache-maven\org\slf4j\jul-to-slf4j\1.7.25\jul-to-slf4j-1.7.25.jar;C:\Program Files\BASE_JAVA\Maven\apache-maven-3.6.0-bin\TD-apache-maven\javax\annotation\javax.annotation-api\1.3.2\javax.annotation-api-1.3.2.jar;C:\Program Files\BASE_JAVA\Maven\apache-maven-3.6.0-bin\TD-apache-maven\org\yaml\snakeyaml\1.23\snakeyaml-1.23.jar;C:\Program Files\BASE_JAVA\Maven\apache-maven-3.6.0-bin\TD-apache-maven\org\springframework\data\spring-data-elasticsearch\3.1.3.RELEASE\spring-data-elasticsearch-3.1.3.RELEASE.jar;C:\Program Files\BASE_JAVA\Maven\apache-maven-3.6.0-bin\TD-apache-maven\org\springframework\spring-context\5.1.3.RELEASE\spring-context-5.1.3.RELEASE.jar;C:\Program Files\BASE_JAVA\Maven\apache-maven-3.6.0-bin\TD-apache-maven\org\springframework\spring-tx\5.1.3.RELEASE\spring-tx-5.1.3.RELEASE.jar;C:\Program Files\BASE_JAVA\Maven\apache-maven-3.6.0-bin\TD-apache-maven\org\springframework\data\spring-data-commons\2.1.3.RELEASE\spring-data-commons-2.1.3.RELEASE.jar;C:\Program Files\BASE_JAVA\Maven\apache-maven-3.6.0-bin\TD-apache-maven\joda-time\joda-time\2.10.1\joda-time-2.10.1.jar;C:\Program Files\BASE_JAVA\Maven\apache-maven-3.6.0-bin\TD-apache-maven\org\elasticsearch\client\transport\6.4.3\transport-6.4.3.jar;C:\Program Files\BASE_JAVA\Maven\apache-maven-3.6.0-bin\TD-apache-maven\org\elasticsearch\elasticsearch\6.4.3\elasticsearch-6.4.3.jar;C:\Program Files\BASE_JAVA\Maven\apache-maven-3.6.0-bin\TD-apache-maven\org\elasticsearch\elasticsearch-core\6.4.3\elasticsearch-core-6.4.3.jar;C:\Program Files\BASE_JAVA\Maven\apache-maven-3.6.0-bin\TD-apache-maven\org\elasticsearch\elasticsearch-secure-sm\6.4.3\elasticsearch-secure-sm-6.4.3.jar;C:\Program Files\BASE_JAVA\Maven\apache-maven-3.6.0-bin\TD-apache-maven\org\elasticsearch\elasticsearch-x-content\6.4.3\elasticsearch-x-content-6.4.3.jar;C:\Program Files\BASE_JAVA\Maven\apache-maven-3.6.0-bin\TD-apache-maven\com\fasterxml\jackson\dataformat\jackson-dataformat-smile\2.9.7\jackson-dataformat-smile-2.9.7.jar;C:\Program Files\BASE_JAVA\Maven\apache-maven-3.6.0-bin\TD-apache-maven\com\fasterxml\jackson\dataformat\jackson-dataformat-yaml\2.9.7\jackson-dataformat-yaml-2.9.7.jar;C:\Program Files\BASE_JAVA\Maven\apache-maven-3.6.0-bin\TD-apache-maven\com\fasterxml\jackson\dataformat\jackson-dataformat-cbor\2.9.7\jackson-dataformat-cbor-2.9.7.jar;C:\Program Files\BASE_JAVA\Maven\apache-maven-3.6.0-bin\TD-apache-maven\org\apache\lucene\lucene-core\7.4.0\lucene-core-7.4.0.jar;C:\Program Files\BASE_JAVA\Maven\apache-maven-3.6.0-bin\TD-apache-maven\org\apache\lucene\lucene-analyzers-common\7.4.0\lucene-analyzers-common-7.4.0.jar;C:\Program Files\BASE_JAVA\Maven\apache-maven-3.6.0-bin\TD-apache-maven\org\apache\lucene\lucene-backward-codecs\7.4.0\lucene-backward-codecs-7.4.0.jar;C:\Program Files\BASE_JAVA\Maven\apache-maven-3.6.0-bin\TD-apache-maven\org\apache\lucene\lucene-grouping\7.4.0\lucene-grouping-7.4.0.jar;C:\Program Files\BASE_JAVA\Maven\apache-maven-3.6.0-bin\TD-apache-maven\org\apache\lucene\lucene-highlighter\7.4.0\lucene-highlighter-7.4.0.jar;C:\Program Files\BASE_JAVA\Maven\apache-maven-3.6.0-bin\TD-apache-maven\org\apache\lucene\lucene-join\7.4.0\lucene-join-7.4.0.jar;C:\Program Files\BASE_JAVA\Maven\apache-maven-3.6.0-bin\TD-apache-maven\org\apache\lucene\lucene-memory\7.4.0\lucene-memory-7.4.0.jar;C:\Program Files\BASE_JAVA\Maven\apache-maven-3.6.0-bin\TD-apache-maven\org\apache\lucene\lucene-misc\7.4.0\lucene-misc-7.4.0.jar;C:\Program Files\BASE_JAVA\Maven\apache-maven-3.6.0-bin\TD-apache-maven\org\apache\lucene\lucene-queries\7.4.0\lucene-queries-7.4.0.jar;C:\Program Files\BASE_JAVA\Maven\apache-maven-3.6.0-bin\TD-apache-maven\org\apache\lucene\lucene-queryparser\7.4.0\lucene-queryparser-7.4.0.jar;C:\Program Files\BASE_JAVA\Maven\apache-maven-3.6.0-bin\TD-apache-maven\org\apache\lucene\lucene-sandbox\7.4.0\lucene-sandbox-7.4.0.jar;C:\Program Files\BASE_JAVA\Maven\apache-maven-3.6.0-bin\TD-apache-maven\org\apache\lucene\lucene-spatial\7.4.0\lucene-spatial-7.4.0.jar;C:\Program Files\BASE_JAVA\Maven\apache-maven-3.6.0-bin\TD-apache-maven\org\apache\lucene\lucene-spatial-extras\7.4.0\lucene-spatial-extras-7.4.0.jar;C:\Program Files\BASE_JAVA\Maven\apache-maven-3.6.0-bin\TD-apache-maven\org\apache\lucene\lucene-spatial3d\7.4.0\lucene-spatial3d-7.4.0.jar;C:\Program Files\BASE_JAVA\Maven\apache-maven-3.6.0-bin\TD-apache-maven\org\apache\lucene\lucene-suggest\7.4.0\lucene-suggest-7.4.0.jar;C:\Program Files\BASE_JAVA\Maven\apache-maven-3.6.0-bin\TD-apache-maven\org\elasticsearch\elasticsearch-cli\6.4.3\elasticsearch-cli-6.4.3.jar;C:\Program Files\BASE_JAVA\Maven\apache-maven-3.6.0-bin\TD-apache-maven\net\sf\jopt-simple\jopt-simple\5.0.2\jopt-simple-5.0.2.jar;C:\Program Files\BASE_JAVA\Maven\apache-maven-3.6.0-bin\TD-apache-maven\com\carrotsearch\hppc\0.7.1\hppc-0.7.1.jar;C:\Program Files\BASE_JAVA\Maven\apache-maven-3.6.0-bin\TD-apache-maven\com\tdunning\t-digest\3.2\t-digest-3.2.jar;C:\Program Files\BASE_JAVA\Maven\apache-maven-3.6.0-bin\TD-apache-maven\org\hdrhistogram\HdrHistogram\2.1.9\HdrHistogram-2.1.9.jar;C:\Program Files\BASE_JAVA\Maven\apache-maven-3.6.0-bin\TD-apache-maven\org\elasticsearch\jna\4.5.1\jna-4.5.1.jar;C:\Program Files\BASE_JAVA\Maven\apache-maven-3.6.0-bin\TD-apache-maven\org\elasticsearch\plugin\reindex-client\6.4.3\reindex-client-6.4.3.jar;C:\Program Files\BASE_JAVA\Maven\apache-maven-3.6.0-bin\TD-apache-maven\org\elasticsearch\client\elasticsearch-rest-client\6.4.3\elasticsearch-rest-client-6.4.3.jar;C:\Program Files\BASE_JAVA\Maven\apache-maven-3.6.0-bin\TD-apache-maven\org\apache\httpcomponents\httpclient\4.5.6\httpclient-4.5.6.jar;C:\Program Files\BASE_JAVA\Maven\apache-maven-3.6.0-bin\TD-apache-maven\org\apache\httpcomponents\httpcore\4.4.10\httpcore-4.4.10.jar;C:\Program Files\BASE_JAVA\Maven\apache-maven-3.6.0-bin\TD-apache-maven\org\apache\httpcomponents\httpasyncclient\4.1.4\httpasyncclient-4.1.4.jar;C:\Program Files\BASE_JAVA\Maven\apache-maven-3.6.0-bin\TD-apache-maven\org\apache\httpcomponents\httpcore-nio\4.4.10\httpcore-nio-4.4.10.jar;C:\Program Files\BASE_JAVA\Maven\apache-maven-3.6.0-bin\TD-apache-maven\commons-codec\commons-codec\1.11\commons-codec-1.11.jar;C:\Program Files\BASE_JAVA\Maven\apache-maven-3.6.0-bin\TD-apache-maven\org\elasticsearch\plugin\lang-mustache-client\6.4.3\lang-mustache-client-6.4.3.jar;C:\Program Files\BASE_JAVA\Maven\apache-maven-3.6.0-bin\TD-apache-maven\com\github\spullara\mustache\java\compiler\0.9.3\compiler-0.9.3.jar;C:\Program Files\BASE_JAVA\Maven\apache-maven-3.6.0-bin\TD-apache-maven\org\elasticsearch\plugin\percolator-client\6.4.3\percolator-client-6.4.3.jar;C:\Program Files\BASE_JAVA\Maven\apache-maven-3.6.0-bin\TD-apache-maven\org\elasticsearch\plugin\parent-join-client\6.4.3\parent-join-client-6.4.3.jar;C:\Program Files\BASE_JAVA\Maven\apache-maven-3.6.0-bin\TD-apache-maven\org\elasticsearch\plugin\rank-eval-client\6.4.3\rank-eval-client-6.4.3.jar;C:\Program Files\BASE_JAVA\Maven\apache-maven-3.6.0-bin\TD-apache-maven\com\fasterxml\jackson\core\jackson-core\2.9.7\jackson-core-2.9.7.jar;C:\Program Files\BASE_JAVA\Maven\apache-maven-3.6.0-bin\TD-apache-maven\com\fasterxml\jackson\core\jackson-databind\2.9.7\jackson-databind-2.9.7.jar;C:\Program Files\BASE_JAVA\Maven\apache-maven-3.6.0-bin\TD-apache-maven\com\fasterxml\jackson\core\jackson-annotations\2.9.0\jackson-annotations-2.9.0.jar;C:\Program Files\BASE_JAVA\Maven\apache-maven-3.6.0-bin\TD-apache-maven\org\elasticsearch\plugin\transport-netty4-client\6.4.3\transport-netty4-client-6.4.3.jar;C:\Program Files\BASE_JAVA\Maven\apache-maven-3.6.0-bin\TD-apache-maven\io\netty\netty-buffer\4.1.31.Final\netty-buffer-4.1.31.Final.jar;C:\Program Files\BASE_JAVA\Maven\apache-maven-3.6.0-bin\TD-apache-maven\io\netty\netty-codec\4.1.31.Final\netty-codec-4.1.31.Final.jar;C:\Program Files\BASE_JAVA\Maven\apache-maven-3.6.0-bin\TD-apache-maven\io\netty\netty-codec-http\4.1.31.Final\netty-codec-http-4.1.31.Final.jar;C:\Program Files\BASE_JAVA\Maven\apache-maven-3.6.0-bin\TD-apache-maven\io\netty\netty-common\4.1.31.Final\netty-common-4.1.31.Final.jar;C:\Program Files\BASE_JAVA\Maven\apache-maven-3.6.0-bin\TD-apache-maven\io\netty\netty-handler\4.1.31.Final\netty-handler-4.1.31.Final.jar;C:\Program Files\BASE_JAVA\Maven\apache-maven-3.6.0-bin\TD-apache-maven\io\netty\netty-resolver\4.1.31.Final\netty-resolver-4.1.31.Final.jar;C:\Program Files\BASE_JAVA\Maven\apache-maven-3.6.0-bin\TD-apache-maven\io\netty\netty-transport\4.1.31.Final\netty-transport-4.1.31.Final.jar;C:\Program Files\BASE_JAVA\Maven\apache-maven-3.6.0-bin\TD-apache-maven\org\slf4j\slf4j-api\1.7.25\slf4j-api-1.7.25.jar;C:\Program Files\BASE_JAVA\Maven\apache-maven-3.6.0-bin\TD-apache-maven\org\springframework\boot\spring-boot-starter-web\2.1.1.RELEASE\spring-boot-starter-web-2.1.1.RELEASE.jar;C:\Program Files\BASE_JAVA\Maven\apache-maven-3.6.0-bin\TD-apache-maven\org\springframework\boot\spring-boot-starter-json\2.1.1.RELEASE\spring-boot-starter-json-2.1.1.RELEASE.jar;C:\Program Files\BASE_JAVA\Maven\apache-maven-3.6.0-bin\TD-apache-maven\com\fasterxml\jackson\datatype\jackson-datatype-jdk8\2.9.7\jackson-datatype-jdk8-2.9.7.jar;C:\Program Files\BASE_JAVA\Maven\apache-maven-3.6.0-bin\TD-apache-maven\com\fasterxml\jackson\datatype\jackson-datatype-jsr310\2.9.7\jackson-datatype-jsr310-2.9.7.jar;C:\Program Files\BASE_JAVA\Maven\apache-maven-3.6.0-bin\TD-apache-maven\com\fasterxml\jackson\module\jackson-module-parameter-names\2.9.7\jackson-module-parameter-names-2.9.7.jar;C:\Program Files\BASE_JAVA\Maven\apache-maven-3.6.0-bin\TD-apache-maven\org\springframework\boot\spring-boot-starter-tomcat\2.1.1.RELEASE\spring-boot-starter-tomcat-2.1.1.RELEASE.jar;C:\Program Files\BASE_JAVA\Maven\apache-maven-3.6.0-bin\TD-apache-maven\org\apache\tomcat\embed\tomcat-embed-core\9.0.13\tomcat-embed-core-9.0.13.jar;C:\Program Files\BASE_JAVA\Maven\apache-maven-3.6.0-bin\TD-apache-maven\org\apache\tomcat\embed\tomcat-embed-el\9.0.13\tomcat-embed-el-9.0.13.jar;C:\Program Files\BASE_JAVA\Maven\apache-maven-3.6.0-bin\TD-apache-maven\org\apache\tomcat\embed\tomcat-embed-websocket\9.0.13\tomcat-embed-websocket-9.0.13.jar;C:\Program Files\BASE_JAVA\Maven\apache-maven-3.6.0-bin\TD-apache-maven\org\hibernate\validator\hibernate-validator\6.0.13.Final\hibernate-validator-6.0.13.Final.jar;C:\Program Files\BASE_JAVA\Maven\apache-maven-3.6.0-bin\TD-apache-maven\javax\validation\validation-api\2.0.1.Final\validation-api-2.0.1.Final.jar;C:\Program Files\BASE_JAVA\Maven\apache-maven-3.6.0-bin\TD-apache-maven\org\jboss\logging\jboss-logging\3.3.2.Final\jboss-logging-3.3.2.Final.jar;C:\Program Files\BASE_JAVA\Maven\apache-maven-3.6.0-bin\TD-apache-maven\com\fasterxml\classmate\1.4.0\classmate-1.4.0.jar;C:\Program Files\BASE_JAVA\Maven\apache-maven-3.6.0-bin\TD-apache-maven\org\springframework\spring-web\5.1.3.RELEASE\spring-web-5.1.3.RELEASE.jar;C:\Program Files\BASE_JAVA\Maven\apache-maven-3.6.0-bin\TD-apache-maven\org\springframework\spring-beans\5.1.3.RELEASE\spring-beans-5.1.3.RELEASE.jar;C:\Program Files\BASE_JAVA\Maven\apache-maven-3.6.0-bin\TD-apache-maven\org\springframework\spring-webmvc\5.1.3.RELEASE\spring-webmvc-5.1.3.RELEASE.jar;C:\Program Files\BASE_JAVA\Maven\apache-maven-3.6.0-bin\TD-apache-maven\org\springframework\spring-aop\5.1.3.RELEASE\spring-aop-5.1.3.RELEASE.jar;C:\Program Files\BASE_JAVA\Maven\apache-maven-3.6.0-bin\TD-apache-maven\org\springframework\spring-expression\5.1.3.RELEASE\spring-expression-5.1.3.RELEASE.jar;C:\Program Files\BASE_JAVA\Maven\apache-maven-3.6.0-bin\TD-apache-maven\org\springframework\boot\spring-boot-starter-webflux\2.1.1.RELEASE\spring-boot-starter-webflux-2.1.1.RELEASE.jar;C:\Program Files\BASE_JAVA\Maven\apache-maven-3.6.0-bin\TD-apache-maven\org\springframework\boot\spring-boot-starter-reactor-netty\2.1.1.RELEASE\spring-boot-starter-reactor-netty-2.1.1.RELEASE.jar;C:\Program Files\BASE_JAVA\Maven\apache-maven-3.6.0-bin\TD-apache-maven\io\projectreactor\netty\reactor-netty\0.8.3.RELEASE\reactor-netty-0.8.3.RELEASE.jar;C:\Program Files\BASE_JAVA\Maven\apache-maven-3.6.0-bin\TD-apache-maven\io\netty\netty-codec-http2\4.1.31.Final\netty-codec-http2-4.1.31.Final.jar;C:\Program Files\BASE_JAVA\Maven\apache-maven-3.6.0-bin\TD-apache-maven\io\netty\netty-handler-proxy\4.1.31.Final\netty-handler-proxy-4.1.31.Final.jar;C:\Program Files\BASE_JAVA\Maven\apache-maven-3.6.0-bin\TD-apache-maven\io\netty\netty-codec-socks\4.1.31.Final\netty-codec-socks-4.1.31.Final.jar;C:\Program Files\BASE_JAVA\Maven\apache-maven-3.6.0-bin\TD-apache-maven\io\netty\netty-transport-native-epoll\4.1.31.Final\netty-transport-native-epoll-4.1.31.Final-linux-x86_64.jar;C:\Program Files\BASE_JAVA\Maven\apache-maven-3.6.0-bin\TD-apache-maven\io\netty\netty-transport-native-unix-common\4.1.31.Final\netty-transport-native-unix-common-4.1.31.Final.jar;C:\Program Files\BASE_JAVA\Maven\apache-maven-3.6.0-bin\TD-apache-maven\org\springframework\spring-webflux\5.1.3.RELEASE\spring-webflux-5.1.3.RELEASE.jar;C:\Program Files\BASE_JAVA\Maven\apache-maven-3.6.0-bin\TD-apache-maven\org\synchronoss\cloud\nio-multipart-parser\1.1.0\nio-multipart-parser-1.1.0.jar;C:\Program Files\BASE_JAVA\Maven\apache-maven-3.6.0-bin\TD-apache-maven\org\synchronoss\cloud\nio-stream-storage\1.1.3\nio-stream-storage-1.1.3.jar;C:\Program Files\BASE_JAVA\Maven\apache-maven-3.6.0-bin\TD-apache-maven\com\alibaba\fastjson\1.2.54\fastjson-1.2.54.jar;C:\Program Files\BASE_JAVA\Maven\apache-maven-3.6.0-bin\TD-apache-maven\org\springframework\boot\spring-boot-starter-test\2.1.1.RELEASE\spring-boot-starter-test-2.1.1.RELEASE.jar;C:\Program Files\BASE_JAVA\Maven\apache-maven-3.6.0-bin\TD-apache-maven\org\springframework\boot\spring-boot-test\2.1.1.RELEASE\spring-boot-test-2.1.1.RELEASE.jar;C:\Program Files\BASE_JAVA\Maven\apache-maven-3.6.0-bin\TD-apache-maven\org\springframework\boot\spring-boot-test-autoconfigure\2.1.1.RELEASE\spring-boot-test-autoconfigure-2.1.1.RELEASE.jar;C:\Program Files\BASE_JAVA\Maven\apache-maven-3.6.0-bin\TD-apache-maven\com\jayway\jsonpath\json-path\2.4.0\json-path-2.4.0.jar;C:\Program Files\BASE_JAVA\Maven\apache-maven-3.6.0-bin\TD-apache-maven\net\minidev\json-smart\2.3\json-smart-2.3.jar;C:\Program Files\BASE_JAVA\Maven\apache-maven-3.6.0-bin\TD-apache-maven\net\minidev\accessors-smart\1.2\accessors-smart-1.2.jar;C:\Program Files\BASE_JAVA\Maven\apache-maven-3.6.0-bin\TD-apache-maven\org\ow2\asm\asm\5.0.4\asm-5.0.4.jar;C:\Program Files\BASE_JAVA\Maven\apache-maven-3.6.0-bin\TD-apache-maven\junit\junit\4.12\junit-4.12.jar;C:\Program Files\BASE_JAVA\Maven\apache-maven-3.6.0-bin\TD-apache-maven\org\assertj\assertj-core\3.11.1\assertj-core-3.11.1.jar;C:\Program Files\BASE_JAVA\Maven\apache-maven-3.6.0-bin\TD-apache-maven\org\mockito\mockito-core\2.23.4\mockito-core-2.23.4.jar;C:\Program Files\BASE_JAVA\Maven\apache-maven-3.6.0-bin\TD-apache-maven\net\bytebuddy\byte-buddy\1.9.5\byte-buddy-1.9.5.jar;C:\Program Files\BASE_JAVA\Maven\apache-maven-3.6.0-bin\TD-apache-maven\net\bytebuddy\byte-buddy-agent\1.9.5\byte-buddy-agent-1.9.5.jar;C:\Program Files\BASE_JAVA\Maven\apache-maven-3.6.0-bin\TD-apache-maven\org\objenesis\objenesis\2.6\objenesis-2.6.jar;C:\Program Files\BASE_JAVA\Maven\apache-maven-3.6.0-bin\TD-apache-maven\org\hamcrest\hamcrest-core\1.3\hamcrest-core-1.3.jar;C:\Program Files\BASE_JAVA\Maven\apache-maven-3.6.0-bin\TD-apache-maven\org\hamcrest\hamcrest-library\1.3\hamcrest-library-1.3.jar;C:\Program Files\BASE_JAVA\Maven\apache-maven-3.6.0-bin\TD-apache-maven\org\skyscreamer\jsonassert\1.5.0\jsonassert-1.5.0.jar;C:\Program Files\BASE_JAVA\Maven\apache-maven-3.6.0-bin\TD-apache-maven\com\vaadin\external\google\android-json\0.0.20131108.vaadin1\android-json-0.0.20131108.vaadin1.jar;C:\Program Files\BASE_JAVA\Maven\apache-maven-3.6.0-bin\TD-apache-maven\org\springframework\spring-core\5.1.3.RELEASE\spring-core-5.1.3.RELEASE.jar;C:\Program Files\BASE_JAVA\Maven\apache-maven-3.6.0-bin\TD-apache-maven\org\springframework\spring-jcl\5.1.3.RELEASE\spring-jcl-5.1.3.RELEASE.jar;C:\Program Files\BASE_JAVA\Maven\apache-maven-3.6.0-bin\TD-apache-maven\org\springframework\spring-test\5.1.3.RELEASE\spring-test-5.1.3.RELEASE.jar;C:\Program Files\BASE_JAVA\Maven\apache-maven-3.6.0-bin\TD-apache-maven\org\xmlunit\xmlunit-core\2.6.2\xmlunit-core-2.6.2.jar;C:\Program Files\BASE_JAVA\Maven\apache-maven-3.6.0-bin\TD-apache-maven\io\projectreactor\reactor-test\3.2.3.RELEASE\reactor-test-3.2.3.RELEASE.jar;C:\Program Files\BASE_JAVA\Maven\apache-maven-3.6.0-bin\TD-apache-maven\io\projectreactor\reactor-core\3.2.3.RELEASE\reactor-core-3.2.3.RELEASE.jar;C:\Program Files\BASE_JAVA\Maven\apache-maven-3.6.0-bin\TD-apache-maven\org\reactivestreams\reactive-streams\1.0.2\reactive-streams-1.0.2.jar;"/>
    <property name="java.vm.vendor" value="Oracle Corporation"/>
    <property name="sun.arch.data.model" value="64"/>
    <property name="user.variant" value=""/>
    <property name="java.vendor.url" value="http://java.oracle.com/"/>
    <property name="user.timezone" value="Asia/Shanghai"/>
    <property name="java.vm.specification.version" value="1.8"/>
    <property name="os.name" value="Windows 10"/>
    <property name="user.country" value="CN"/>
    <property name="sun.java.launcher" value="SUN_STANDARD"/>
    <property name="sun.boot.library.path" value="C:\Program Files\BASE_JAVA\JDK\JDK1.8\jre\bin"/>
    <property name="sun.java.command" value="C:\Users\TDINST~1\AppData\Local\Temp\surefire6486072215325199660\surefirebooter6669543361040446009.jar C:\Users\TDInstaller\AppData\Local\Temp\surefire6486072215325199660 2019-05-23T15-38-54_939-jvmRun1 surefire572619844083974961tmp surefire_01031457920644093557tmp"/>
    <property name="surefire.test.class.path" value="C:\Users\IDEA_Project\ES-SpringBoot\springboot-elasticsearch\target\test-classes;C:\Users\IDEA_Project\ES-SpringBoot\springboot-elasticsearch\target\classes;C:\Program Files\BASE_JAVA\Maven\apache-maven-3.6.0-bin\TD-apache-maven\org\springframework\boot\spring-boot-starter-data-elasticsearch\2.1.1.RELEASE\spring-boot-starter-data-elasticsearch-2.1.1.RELEASE.jar;C:\Program Files\BASE_JAVA\Maven\apache-maven-3.6.0-bin\TD-apache-maven\org\springframework\boot\spring-boot-starter\2.1.1.RELEASE\spring-boot-starter-2.1.1.RELEASE.jar;C:\Program Files\BASE_JAVA\Maven\apache-maven-3.6.0-bin\TD-apache-maven\org\springframework\boot\spring-boot\2.1.1.RELEASE\spring-boot-2.1.1.RELEASE.jar;C:\Program Files\BASE_JAVA\Maven\apache-maven-3.6.0-bin\TD-apache-maven\org\springframework\boot\spring-boot-autoconfigure\2.1.1.RELEASE\spring-boot-autoconfigure-2.1.1.RELEASE.jar;C:\Program Files\BASE_JAVA\Maven\apache-maven-3.6.0-bin\TD-apache-maven\org\springframework\boot\spring-boot-starter-logging\2.1.1.RELEASE\spring-boot-starter-logging-2.1.1.RELEASE.jar;C:\Program Files\BASE_JAVA\Maven\apache-maven-3.6.0-bin\TD-apache-maven\ch\qos\logback\logback-classic\1.2.3\logback-classic-1.2.3.jar;C:\Program Files\BASE_JAVA\Maven\apache-maven-3.6.0-bin\TD-apache-maven\ch\qos\logback\logback-core\1.2.3\logback-core-1.2.3.jar;C:\Program Files\BASE_JAVA\Maven\apache-maven-3.6.0-bin\TD-apache-maven\org\apache\logging\log4j\log4j-to-slf4j\2.11.1\log4j-to-slf4j-2.11.1.jar;C:\Program Files\BASE_JAVA\Maven\apache-maven-3.6.0-bin\TD-apache-maven\org\apache\logging\log4j\log4j-api\2.11.1\log4j-api-2.11.1.jar;C:\Program Files\BASE_JAVA\Maven\apache-maven-3.6.0-bin\TD-apache-maven\org\slf4j\jul-to-slf4j\1.7.25\jul-to-slf4j-1.7.25.jar;C:\Program Files\BASE_JAVA\Maven\apache-maven-3.6.0-bin\TD-apache-maven\javax\annotation\javax.annotation-api\1.3.2\javax.annotation-api-1.3.2.jar;C:\Program Files\BASE_JAVA\Maven\apache-maven-3.6.0-bin\TD-apache-maven\org\yaml\snakeyaml\1.23\snakeyaml-1.23.jar;C:\Program Files\BASE_JAVA\Maven\apache-maven-3.6.0-bin\TD-apache-maven\org\springframework\data\spring-data-elasticsearch\3.1.3.RELEASE\spring-data-elasticsearch-3.1.3.RELEASE.jar;C:\Program Files\BASE_JAVA\Maven\apache-maven-3.6.0-bin\TD-apache-maven\org\springframework\spring-context\5.1.3.RELEASE\spring-context-5.1.3.RELEASE.jar;C:\Program Files\BASE_JAVA\Maven\apache-maven-3.6.0-bin\TD-apache-maven\org\springframework\spring-tx\5.1.3.RELEASE\spring-tx-5.1.3.RELEASE.jar;C:\Program Files\BASE_JAVA\Maven\apache-maven-3.6.0-bin\TD-apache-maven\org\springframework\data\spring-data-commons\2.1.3.RELEASE\spring-data-commons-2.1.3.RELEASE.jar;C:\Program Files\BASE_JAVA\Maven\apache-maven-3.6.0-bin\TD-apache-maven\joda-time\joda-time\2.10.1\joda-time-2.10.1.jar;C:\Program Files\BASE_JAVA\Maven\apache-maven-3.6.0-bin\TD-apache-maven\org\elasticsearch\client\transport\6.4.3\transport-6.4.3.jar;C:\Program Files\BASE_JAVA\Maven\apache-maven-3.6.0-bin\TD-apache-maven\org\elasticsearch\elasticsearch\6.4.3\elasticsearch-6.4.3.jar;C:\Program Files\BASE_JAVA\Maven\apache-maven-3.6.0-bin\TD-apache-maven\org\elasticsearch\elasticsearch-core\6.4.3\elasticsearch-core-6.4.3.jar;C:\Program Files\BASE_JAVA\Maven\apache-maven-3.6.0-bin\TD-apache-maven\org\elasticsearch\elasticsearch-secure-sm\6.4.3\elasticsearch-secure-sm-6.4.3.jar;C:\Program Files\BASE_JAVA\Maven\apache-maven-3.6.0-bin\TD-apache-maven\org\elasticsearch\elasticsearch-x-content\6.4.3\elasticsearch-x-content-6.4.3.jar;C:\Program Files\BASE_JAVA\Maven\apache-maven-3.6.0-bin\TD-apache-maven\com\fasterxml\jackson\dataformat\jackson-dataformat-smile\2.9.7\jackson-dataformat-smile-2.9.7.jar;C:\Program Files\BASE_JAVA\Maven\apache-maven-3.6.0-bin\TD-apache-maven\com\fasterxml\jackson\dataformat\jackson-dataformat-yaml\2.9.7\jackson-dataformat-yaml-2.9.7.jar;C:\Program Files\BASE_JAVA\Maven\apache-maven-3.6.0-bin\TD-apache-maven\com\fasterxml\jackson\dataformat\jackson-dataformat-cbor\2.9.7\jackson-dataformat-cbor-2.9.7.jar;C:\Program Files\BASE_JAVA\Maven\apache-maven-3.6.0-bin\TD-apache-maven\org\apache\lucene\lucene-core\7.4.0\lucene-core-7.4.0.jar;C:\Program Files\BASE_JAVA\Maven\apache-maven-3.6.0-bin\TD-apache-maven\org\apache\lucene\lucene-analyzers-common\7.4.0\lucene-analyzers-common-7.4.0.jar;C:\Program Files\BASE_JAVA\Maven\apache-maven-3.6.0-bin\TD-apache-maven\org\apache\lucene\lucene-backward-codecs\7.4.0\lucene-backward-codecs-7.4.0.jar;C:\Program Files\BASE_JAVA\Maven\apache-maven-3.6.0-bin\TD-apache-maven\org\apache\lucene\lucene-grouping\7.4.0\lucene-grouping-7.4.0.jar;C:\Program Files\BASE_JAVA\Maven\apache-maven-3.6.0-bin\TD-apache-maven\org\apache\lucene\lucene-highlighter\7.4.0\lucene-highlighter-7.4.0.jar;C:\Program Files\BASE_JAVA\Maven\apache-maven-3.6.0-bin\TD-apache-maven\org\apache\lucene\lucene-join\7.4.0\lucene-join-7.4.0.jar;C:\Program Files\BASE_JAVA\Maven\apache-maven-3.6.0-bin\TD-apache-maven\org\apache\lucene\lucene-memory\7.4.0\lucene-memory-7.4.0.jar;C:\Program Files\BASE_JAVA\Maven\apache-maven-3.6.0-bin\TD-apache-maven\org\apache\lucene\lucene-misc\7.4.0\lucene-misc-7.4.0.jar;C:\Program Files\BASE_JAVA\Maven\apache-maven-3.6.0-bin\TD-apache-maven\org\apache\lucene\lucene-queries\7.4.0\lucene-queries-7.4.0.jar;C:\Program Files\BASE_JAVA\Maven\apache-maven-3.6.0-bin\TD-apache-maven\org\apache\lucene\lucene-queryparser\7.4.0\lucene-queryparser-7.4.0.jar;C:\Program Files\BASE_JAVA\Maven\apache-maven-3.6.0-bin\TD-apache-maven\org\apache\lucene\lucene-sandbox\7.4.0\lucene-sandbox-7.4.0.jar;C:\Program Files\BASE_JAVA\Maven\apache-maven-3.6.0-bin\TD-apache-maven\org\apache\lucene\lucene-spatial\7.4.0\lucene-spatial-7.4.0.jar;C:\Program Files\BASE_JAVA\Maven\apache-maven-3.6.0-bin\TD-apache-maven\org\apache\lucene\lucene-spatial-extras\7.4.0\lucene-spatial-extras-7.4.0.jar;C:\Program Files\BASE_JAVA\Maven\apache-maven-3.6.0-bin\TD-apache-maven\org\apache\lucene\lucene-spatial3d\7.4.0\lucene-spatial3d-7.4.0.jar;C:\Program Files\BASE_JAVA\Maven\apache-maven-3.6.0-bin\TD-apache-maven\org\apache\lucene\lucene-suggest\7.4.0\lucene-suggest-7.4.0.jar;C:\Program Files\BASE_JAVA\Maven\apache-maven-3.6.0-bin\TD-apache-maven\org\elasticsearch\elasticsearch-cli\6.4.3\elasticsearch-cli-6.4.3.jar;C:\Program Files\BASE_JAVA\Maven\apache-maven-3.6.0-bin\TD-apache-maven\net\sf\jopt-simple\jopt-simple\5.0.2\jopt-simple-5.0.2.jar;C:\Program Files\BASE_JAVA\Maven\apache-maven-3.6.0-bin\TD-apache-maven\com\carrotsearch\hppc\0.7.1\hppc-0.7.1.jar;C:\Program Files\BASE_JAVA\Maven\apache-maven-3.6.0-bin\TD-apache-maven\com\tdunning\t-digest\3.2\t-digest-3.2.jar;C:\Program Files\BASE_JAVA\Maven\apache-maven-3.6.0-bin\TD-apache-maven\org\hdrhistogram\HdrHistogram\2.1.9\HdrHistogram-2.1.9.jar;C:\Program Files\BASE_JAVA\Maven\apache-maven-3.6.0-bin\TD-apache-maven\org\elasticsearch\jna\4.5.1\jna-4.5.1.jar;C:\Program Files\BASE_JAVA\Maven\apache-maven-3.6.0-bin\TD-apache-maven\org\elasticsearch\plugin\reindex-client\6.4.3\reindex-client-6.4.3.jar;C:\Program Files\BASE_JAVA\Maven\apache-maven-3.6.0-bin\TD-apache-maven\org\elasticsearch\client\elasticsearch-rest-client\6.4.3\elasticsearch-rest-client-6.4.3.jar;C:\Program Files\BASE_JAVA\Maven\apache-maven-3.6.0-bin\TD-apache-maven\org\apache\httpcomponents\httpclient\4.5.6\httpclient-4.5.6.jar;C:\Program Files\BASE_JAVA\Maven\apache-maven-3.6.0-bin\TD-apache-maven\org\apache\httpcomponents\httpcore\4.4.10\httpcore-4.4.10.jar;C:\Program Files\BASE_JAVA\Maven\apache-maven-3.6.0-bin\TD-apache-maven\org\apache\httpcomponents\httpasyncclient\4.1.4\httpasyncclient-4.1.4.jar;C:\Program Files\BASE_JAVA\Maven\apache-maven-3.6.0-bin\TD-apache-maven\org\apache\httpcomponents\httpcore-nio\4.4.10\httpcore-nio-4.4.10.jar;C:\Program Files\BASE_JAVA\Maven\apache-maven-3.6.0-bin\TD-apache-maven\commons-codec\commons-codec\1.11\commons-codec-1.11.jar;C:\Program Files\BASE_JAVA\Maven\apache-maven-3.6.0-bin\TD-apache-maven\org\elasticsearch\plugin\lang-mustache-client\6.4.3\lang-mustache-client-6.4.3.jar;C:\Program Files\BASE_JAVA\Maven\apache-maven-3.6.0-bin\TD-apache-maven\com\github\spullara\mustache\java\compiler\0.9.3\compiler-0.9.3.jar;C:\Program Files\BASE_JAVA\Maven\apache-maven-3.6.0-bin\TD-apache-maven\org\elasticsearch\plugin\percolator-client\6.4.3\percolator-client-6.4.3.jar;C:\Program Files\BASE_JAVA\Maven\apache-maven-3.6.0-bin\TD-apache-maven\org\elasticsearch\plugin\parent-join-client\6.4.3\parent-join-client-6.4.3.jar;C:\Program Files\BASE_JAVA\Maven\apache-maven-3.6.0-bin\TD-apache-maven\org\elasticsearch\plugin\rank-eval-client\6.4.3\rank-eval-client-6.4.3.jar;C:\Program Files\BASE_JAVA\Maven\apache-maven-3.6.0-bin\TD-apache-maven\com\fasterxml\jackson\core\jackson-core\2.9.7\jackson-core-2.9.7.jar;C:\Program Files\BASE_JAVA\Maven\apache-maven-3.6.0-bin\TD-apache-maven\com\fasterxml\jackson\core\jackson-databind\2.9.7\jackson-databind-2.9.7.jar;C:\Program Files\BASE_JAVA\Maven\apache-maven-3.6.0-bin\TD-apache-maven\com\fasterxml\jackson\core\jackson-annotations\2.9.0\jackson-annotations-2.9.0.jar;C:\Program Files\BASE_JAVA\Maven\apache-maven-3.6.0-bin\TD-apache-maven\org\elasticsearch\plugin\transport-netty4-client\6.4.3\transport-netty4-client-6.4.3.jar;C:\Program Files\BASE_JAVA\Maven\apache-maven-3.6.0-bin\TD-apache-maven\io\netty\netty-buffer\4.1.31.Final\netty-buffer-4.1.31.Final.jar;C:\Program Files\BASE_JAVA\Maven\apache-maven-3.6.0-bin\TD-apache-maven\io\netty\netty-codec\4.1.31.Final\netty-codec-4.1.31.Final.jar;C:\Program Files\BASE_JAVA\Maven\apache-maven-3.6.0-bin\TD-apache-maven\io\netty\netty-codec-http\4.1.31.Final\netty-codec-http-4.1.31.Final.jar;C:\Program Files\BASE_JAVA\Maven\apache-maven-3.6.0-bin\TD-apache-maven\io\netty\netty-common\4.1.31.Final\netty-common-4.1.31.Final.jar;C:\Program Files\BASE_JAVA\Maven\apache-maven-3.6.0-bin\TD-apache-maven\io\netty\netty-handler\4.1.31.Final\netty-handler-4.1.31.Final.jar;C:\Program Files\BASE_JAVA\Maven\apache-maven-3.6.0-bin\TD-apache-maven\io\netty\netty-resolver\4.1.31.Final\netty-resolver-4.1.31.Final.jar;C:\Program Files\BASE_JAVA\Maven\apache-maven-3.6.0-bin\TD-apache-maven\io\netty\netty-transport\4.1.31.Final\netty-transport-4.1.31.Final.jar;C:\Program Files\BASE_JAVA\Maven\apache-maven-3.6.0-bin\TD-apache-maven\org\slf4j\slf4j-api\1.7.25\slf4j-api-1.7.25.jar;C:\Program Files\BASE_JAVA\Maven\apache-maven-3.6.0-bin\TD-apache-maven\org\springframework\boot\spring-boot-starter-web\2.1.1.RELEASE\spring-boot-starter-web-2.1.1.RELEASE.jar;C:\Program Files\BASE_JAVA\Maven\apache-maven-3.6.0-bin\TD-apache-maven\org\springframework\boot\spring-boot-starter-json\2.1.1.RELEASE\spring-boot-starter-json-2.1.1.RELEASE.jar;C:\Program Files\BASE_JAVA\Maven\apache-maven-3.6.0-bin\TD-apache-maven\com\fasterxml\jackson\datatype\jackson-datatype-jdk8\2.9.7\jackson-datatype-jdk8-2.9.7.jar;C:\Program Files\BASE_JAVA\Maven\apache-maven-3.6.0-bin\TD-apache-maven\com\fasterxml\jackson\datatype\jackson-datatype-jsr310\2.9.7\jackson-datatype-jsr310-2.9.7.jar;C:\Program Files\BASE_JAVA\Maven\apache-maven-3.6.0-bin\TD-apache-maven\com\fasterxml\jackson\module\jackson-module-parameter-names\2.9.7\jackson-module-parameter-names-2.9.7.jar;C:\Program Files\BASE_JAVA\Maven\apache-maven-3.6.0-bin\TD-apache-maven\org\springframework\boot\spring-boot-starter-tomcat\2.1.1.RELEASE\spring-boot-starter-tomcat-2.1.1.RELEASE.jar;C:\Program Files\BASE_JAVA\Maven\apache-maven-3.6.0-bin\TD-apache-maven\org\apache\tomcat\embed\tomcat-embed-core\9.0.13\tomcat-embed-core-9.0.13.jar;C:\Program Files\BASE_JAVA\Maven\apache-maven-3.6.0-bin\TD-apache-maven\org\apache\tomcat\embed\tomcat-embed-el\9.0.13\tomcat-embed-el-9.0.13.jar;C:\Program Files\BASE_JAVA\Maven\apache-maven-3.6.0-bin\TD-apache-maven\org\apache\tomcat\embed\tomcat-embed-websocket\9.0.13\tomcat-embed-websocket-9.0.13.jar;C:\Program Files\BASE_JAVA\Maven\apache-maven-3.6.0-bin\TD-apache-maven\org\hibernate\validator\hibernate-validator\6.0.13.Final\hibernate-validator-6.0.13.Final.jar;C:\Program Files\BASE_JAVA\Maven\apache-maven-3.6.0-bin\TD-apache-maven\javax\validation\validation-api\2.0.1.Final\validation-api-2.0.1.Final.jar;C:\Program Files\BASE_JAVA\Maven\apache-maven-3.6.0-bin\TD-apache-maven\org\jboss\logging\jboss-logging\3.3.2.Final\jboss-logging-3.3.2.Final.jar;C:\Program Files\BASE_JAVA\Maven\apache-maven-3.6.0-bin\TD-apache-maven\com\fasterxml\classmate\1.4.0\classmate-1.4.0.jar;C:\Program Files\BASE_JAVA\Maven\apache-maven-3.6.0-bin\TD-apache-maven\org\springframework\spring-web\5.1.3.RELEASE\spring-web-5.1.3.RELEASE.jar;C:\Program Files\BASE_JAVA\Maven\apache-maven-3.6.0-bin\TD-apache-maven\org\springframework\spring-beans\5.1.3.RELEASE\spring-beans-5.1.3.RELEASE.jar;C:\Program Files\BASE_JAVA\Maven\apache-maven-3.6.0-bin\TD-apache-maven\org\springframework\spring-webmvc\5.1.3.RELEASE\spring-webmvc-5.1.3.RELEASE.jar;C:\Program Files\BASE_JAVA\Maven\apache-maven-3.6.0-bin\TD-apache-maven\org\springframework\spring-aop\5.1.3.RELEASE\spring-aop-5.1.3.RELEASE.jar;C:\Program Files\BASE_JAVA\Maven\apache-maven-3.6.0-bin\TD-apache-maven\org\springframework\spring-expression\5.1.3.RELEASE\spring-expression-5.1.3.RELEASE.jar;C:\Program Files\BASE_JAVA\Maven\apache-maven-3.6.0-bin\TD-apache-maven\org\springframework\boot\spring-boot-starter-webflux\2.1.1.RELEASE\spring-boot-starter-webflux-2.1.1.RELEASE.jar;C:\Program Files\BASE_JAVA\Maven\apache-maven-3.6.0-bin\TD-apache-maven\org\springframework\boot\spring-boot-starter-reactor-netty\2.1.1.RELEASE\spring-boot-starter-reactor-netty-2.1.1.RELEASE.jar;C:\Program Files\BASE_JAVA\Maven\apache-maven-3.6.0-bin\TD-apache-maven\io\projectreactor\netty\reactor-netty\0.8.3.RELEASE\reactor-netty-0.8.3.RELEASE.jar;C:\Program Files\BASE_JAVA\Maven\apache-maven-3.6.0-bin\TD-apache-maven\io\netty\netty-codec-http2\4.1.31.Final\netty-codec-http2-4.1.31.Final.jar;C:\Program Files\BASE_JAVA\Maven\apache-maven-3.6.0-bin\TD-apache-maven\io\netty\netty-handler-proxy\4.1.31.Final\netty-handler-proxy-4.1.31.Final.jar;C:\Program Files\BASE_JAVA\Maven\apache-maven-3.6.0-bin\TD-apache-maven\io\netty\netty-codec-socks\4.1.31.Final\netty-codec-socks-4.1.31.Final.jar;C:\Program Files\BASE_JAVA\Maven\apache-maven-3.6.0-bin\TD-apache-maven\io\netty\netty-transport-native-epoll\4.1.31.Final\netty-transport-native-epoll-4.1.31.Final-linux-x86_64.jar;C:\Program Files\BASE_JAVA\Maven\apache-maven-3.6.0-bin\TD-apache-maven\io\netty\netty-transport-native-unix-common\4.1.31.Final\netty-transport-native-unix-common-4.1.31.Final.jar;C:\Program Files\BASE_JAVA\Maven\apache-maven-3.6.0-bin\TD-apache-maven\org\springframework\spring-webflux\5.1.3.RELEASE\spring-webflux-5.1.3.RELEASE.jar;C:\Program Files\BASE_JAVA\Maven\apache-maven-3.6.0-bin\TD-apache-maven\org\synchronoss\cloud\nio-multipart-parser\1.1.0\nio-multipart-parser-1.1.0.jar;C:\Program Files\BASE_JAVA\Maven\apache-maven-3.6.0-bin\TD-apache-maven\org\synchronoss\cloud\nio-stream-storage\1.1.3\nio-stream-storage-1.1.3.jar;C:\Program Files\BASE_JAVA\Maven\apache-maven-3.6.0-bin\TD-apache-maven\com\alibaba\fastjson\1.2.54\fastjson-1.2.54.jar;C:\Program Files\BASE_JAVA\Maven\apache-maven-3.6.0-bin\TD-apache-maven\org\springframework\boot\spring-boot-starter-test\2.1.1.RELEASE\spring-boot-starter-test-2.1.1.RELEASE.jar;C:\Program Files\BASE_JAVA\Maven\apache-maven-3.6.0-bin\TD-apache-maven\org\springframework\boot\spring-boot-test\2.1.1.RELEASE\spring-boot-test-2.1.1.RELEASE.jar;C:\Program Files\BASE_JAVA\Maven\apache-maven-3.6.0-bin\TD-apache-maven\org\springframework\boot\spring-boot-test-autoconfigure\2.1.1.RELEASE\spring-boot-test-autoconfigure-2.1.1.RELEASE.jar;C:\Program Files\BASE_JAVA\Maven\apache-maven-3.6.0-bin\TD-apache-maven\com\jayway\jsonpath\json-path\2.4.0\json-path-2.4.0.jar;C:\Program Files\BASE_JAVA\Maven\apache-maven-3.6.0-bin\TD-apache-maven\net\minidev\json-smart\2.3\json-smart-2.3.jar;C:\Program Files\BASE_JAVA\Maven\apache-maven-3.6.0-bin\TD-apache-maven\net\minidev\accessors-smart\1.2\accessors-smart-1.2.jar;C:\Program Files\BASE_JAVA\Maven\apache-maven-3.6.0-bin\TD-apache-maven\org\ow2\asm\asm\5.0.4\asm-5.0.4.jar;C:\Program Files\BASE_JAVA\Maven\apache-maven-3.6.0-bin\TD-apache-maven\junit\junit\4.12\junit-4.12.jar;C:\Program Files\BASE_JAVA\Maven\apache-maven-3.6.0-bin\TD-apache-maven\org\assertj\assertj-core\3.11.1\assertj-core-3.11.1.jar;C:\Program Files\BASE_JAVA\Maven\apache-maven-3.6.0-bin\TD-apache-maven\org\mockito\mockito-core\2.23.4\mockito-core-2.23.4.jar;C:\Program Files\BASE_JAVA\Maven\apache-maven-3.6.0-bin\TD-apache-maven\net\bytebuddy\byte-buddy\1.9.5\byte-buddy-1.9.5.jar;C:\Program Files\BASE_JAVA\Maven\apache-maven-3.6.0-bin\TD-apache-maven\net\bytebuddy\byte-buddy-agent\1.9.5\byte-buddy-agent-1.9.5.jar;C:\Program Files\BASE_JAVA\Maven\apache-maven-3.6.0-bin\TD-apache-maven\org\objenesis\objenesis\2.6\objenesis-2.6.jar;C:\Program Files\BASE_JAVA\Maven\apache-maven-3.6.0-bin\TD-apache-maven\org\hamcrest\hamcrest-core\1.3\hamcrest-core-1.3.jar;C:\Program Files\BASE_JAVA\Maven\apache-maven-3.6.0-bin\TD-apache-maven\org\hamcrest\hamcrest-library\1.3\hamcrest-library-1.3.jar;C:\Program Files\BASE_JAVA\Maven\apache-maven-3.6.0-bin\TD-apache-maven\org\skyscreamer\jsonassert\1.5.0\jsonassert-1.5.0.jar;C:\Program Files\BASE_JAVA\Maven\apache-maven-3.6.0-bin\TD-apache-maven\com\vaadin\external\google\android-json\0.0.20131108.vaadin1\android-json-0.0.20131108.vaadin1.jar;C:\Program Files\BASE_JAVA\Maven\apache-maven-3.6.0-bin\TD-apache-maven\org\springframework\spring-core\5.1.3.RELEASE\spring-core-5.1.3.RELEASE.jar;C:\Program Files\BASE_JAVA\Maven\apache-maven-3.6.0-bin\TD-apache-maven\org\springframework\spring-jcl\5.1.3.RELEASE\spring-jcl-5.1.3.RELEASE.jar;C:\Program Files\BASE_JAVA\Maven\apache-maven-3.6.0-bin\TD-apache-maven\org\springframework\spring-test\5.1.3.RELEASE\spring-test-5.1.3.RELEASE.jar;C:\Program Files\BASE_JAVA\Maven\apache-maven-3.6.0-bin\TD-apache-maven\org\xmlunit\xmlunit-core\2.6.2\xmlunit-core-2.6.2.jar;C:\Program Files\BASE_JAVA\Maven\apache-maven-3.6.0-bin\TD-apache-maven\io\projectreactor\reactor-test\3.2.3.RELEASE\reactor-test-3.2.3.RELEASE.jar;C:\Program Files\BASE_JAVA\Maven\apache-maven-3.6.0-bin\TD-apache-maven\io\projectreactor\reactor-core\3.2.3.RELEASE\reactor-core-3.2.3.RELEASE.jar;C:\Program Files\BASE_JAVA\Maven\apache-maven-3.6.0-bin\TD-apache-maven\org\reactivestreams\reactive-streams\1.0.2\reactive-streams-1.0.2.jar;"/>
    <property name="sun.cpu.endian" value="little"/>
    <property name="user.home" value="C:\Users\TDInstaller"/>
    <property name="user.language" value="zh"/>
    <property name="java.specification.vendor" value="Oracle Corporation"/>
    <property name="java.home" value="C:\Program Files\BASE_JAVA\JDK\JDK1.8\jre"/>
    <property name="basedir" value="C:\Users\IDEA_Project\ES-SpringBoot\springboot-elasticsearch"/>
    <property name="file.separator" value="\"/>
    <property name="line.separator" value="&#10;"/>
    <property name="java.vm.specification.vendor" value="Oracle Corporation"/>
    <property name="java.specification.name" value="Java Platform API Specification"/>
    <property name="java.awt.graphicsenv" value="sun.awt.Win32GraphicsEnvironment"/>
    <property name="surefire.real.class.path" value="C:\Users\TDINST~1\AppData\Local\Temp\surefire6486072215325199660\surefirebooter6669543361040446009.jar"/>
    <property name="sun.boot.class.path" value="C:\Program Files\BASE_JAVA\JDK\JDK1.8\jre\lib\resources.jar;C:\Program Files\BASE_JAVA\JDK\JDK1.8\jre\lib\rt.jar;C:\Program Files\BASE_JAVA\JDK\JDK1.8\jre\lib\sunrsasign.jar;C:\Program Files\BASE_JAVA\JDK\JDK1.8\jre\lib\jsse.jar;C:\Program Files\BASE_JAVA\JDK\JDK1.8\jre\lib\jce.jar;C:\Program Files\BASE_JAVA\JDK\JDK1.8\jre\lib\charsets.jar;C:\Program Files\BASE_JAVA\JDK\JDK1.8\jre\lib\jfr.jar;C:\Program Files\BASE_JAVA\JDK\JDK1.8\jre\classes"/>
    <property name="user.script" value=""/>
    <property name="sun.management.compiler" value="HotSpot 64-Bit Tiered Compilers"/>
    <property name="java.runtime.version" value="1.8.0_181-b13"/>
    <property name="user.name" value="TDInstaller"/>
    <property name="path.separator" value=";"/>
    <property name="os.version" value="10.0"/>
    <property name="java.endorsed.dirs" value="C:\Program Files\BASE_JAVA\JDK\JDK1.8\jre\lib\endorsed"/>
    <property name="java.runtime.name" value="Java(TM) SE Runtime Environment"/>
    <property name="file.encoding" value="GBK"/>
    <property name="java.vm.name" value="Java HotSpot(TM) 64-Bit Server VM"/>
    <property name="localRepository" value="C:\Program Files\BASE_JAVA\Maven\apache-maven-3.6.0-bin\TD-apache-maven"/>
    <property name="java.vendor.url.bug" value="http://bugreport.sun.com/bugreport/"/>
    <property name="java.io.tmpdir" value="C:\Users\TDINST~1\AppData\Local\Temp\"/>
    <property name="java.version" value="1.8.0_181"/>
    <property name="user.dir" value="C:\Users\IDEA_Project\ES-SpringBoot\springboot-elasticsearch"/>
    <property name="os.arch" value="amd64"/>
    <property name="java.vm.specification.name" value="Java Virtual Machine Specification"/>
    <property name="java.awt.printerjob" value="sun.awt.windows.WPrinterJob"/>
    <property name="sun.os.patch.level" value=""/>
    <property name="idea.version2019.1" value="true"/>
    <property name="java.library.path" value="C:\Program Files\BASE_JAVA\JDK\JDK1.8\jre\bin;C:\WINDOWS\Sun\Java\bin;C:\WINDOWS\system32;C:\WINDOWS;C:\Program Files (x86)\Common Files\Oracle\Java\javapath;C:\ProgramData\Oracle\Java\javapath;C:\WINDOWS\system32;C:\WINDOWS;C:\WINDOWS\System32\Wbem;C:\WINDOWS\System32\WindowsPowerShell\v1.0\;C:\Program Files\BASE_JAVA\JDK\JDK1.8\bin;C:\Program Files\BASE_JAVA\JDK\JDK1.8\jre\bin;C:\Program Files\Git\cmd;C:\Program Files\Git\bin;;C:\WINDOWS\System32\OpenSSH\;C:\Users\TDInstaller\AppData\Local\Microsoft\WindowsApps;C:\Program Files\BASE_JAVA\Maven\apache-maven-3.6.0-bin\apache-maven-3.6.0\bin;C:\Program Files\BASE_JAVA\Tomcat\apache-tomcat-8.5.39-windows-x64\apache-tomcat-8.5.39\bin;C:\Program Files\BASE_JAVA\Gradle\gradle-5.3\bin;."/>
    <property name="java.vm.info" value="mixed mode"/>
    <property name="java.vendor" value="Oracle Corporation"/>
    <property name="java.vm.version" value="25.181-b13"/>
    <property name="java.ext.dirs" value="C:\Program Files\BASE_JAVA\JDK\JDK1.8\jre\lib\ext;C:\WINDOWS\Sun\Java\lib\ext"/>
    <property name="sun.io.unicode.encoding" value="UnicodeLittle"/>
    <property name="java.class.version" value="52.0"/>
  </properties>
  <testcase name="getAll" classname="com.zhou.essearch.EssearchApplicationTests" time="0.281">
    <error message="None of the configured nodes are available: [{#transport#-1}{ZkFn02RVRGKsmPklq5QUng}{localhost}{127.0.0.1:9300}]" type="org.elasticsearch.client.transport.NoNodeAvailableException">org.elasticsearch.client.transport.NoNodeAvailableException: None of the configured nodes are available: [{#transport#-1}{ZkFn02RVRGKsmPklq5QUng}{localhost}{127.0.0.1:9300}]
	at com.zhou.essearch.EssearchApplicationTests.getAll(EssearchApplicationTests.java:61)
</error>
    <system-out><![CDATA[15:38:55.978 [main] DEBUG org.springframework.test.context.junit4.SpringJUnit4ClassRunner - SpringJUnit4ClassRunner constructor called with [class com.zhou.essearch.EssearchApplicationTests]
15:38:55.978 [main] DEBUG org.springframework.test.context.BootstrapUtils - Instantiating CacheAwareContextLoaderDelegate from class [org.springframework.test.context.cache.DefaultCacheAwareContextLoaderDelegate]
15:38:55.994 [main] DEBUG org.springframework.test.context.BootstrapUtils - Instantiating BootstrapContext using constructor [public org.springframework.test.context.support.DefaultBootstrapContext(java.lang.Class,org.springframework.test.context.CacheAwareContextLoaderDelegate)]
15:38:56.041 [main] DEBUG org.springframework.test.context.BootstrapUtils - Instantiating TestContextBootstrapper for test class [com.zhou.essearch.EssearchApplicationTests] from class [org.springframework.boot.test.context.SpringBootTestContextBootstrapper]
15:38:56.056 [main] INFO org.springframework.boot.test.context.SpringBootTestContextBootstrapper - Neither @ContextConfiguration nor @ContextHierarchy found for test class [com.zhou.essearch.EssearchApplicationTests], using SpringBootContextLoader
15:38:56.056 [main] DEBUG org.springframework.test.context.support.AbstractContextLoader - Did not detect default resource location for test class [com.zhou.essearch.EssearchApplicationTests]: class path resource [com/zhou/essearch/EssearchApplicationTests-context.xml] does not exist
15:38:56.056 [main] DEBUG org.springframework.test.context.support.AbstractContextLoader - Did not detect default resource location for test class [com.zhou.essearch.EssearchApplicationTests]: class path resource [com/zhou/essearch/EssearchApplicationTestsContext.groovy] does not exist
15:38:56.056 [main] INFO org.springframework.test.context.support.AbstractContextLoader - Could not detect default resource locations for test class [com.zhou.essearch.EssearchApplicationTests]: no resource found for suffixes {-context.xml, Context.groovy}.
15:38:56.072 [main] INFO org.springframework.test.context.support.AnnotationConfigContextLoaderUtils - Could not detect default configuration classes for test class [com.zhou.essearch.EssearchApplicationTests]: EssearchApplicationTests does not declare any static, non-private, non-final, nested classes annotated with @Configuration.
15:38:56.119 [main] DEBUG org.springframework.test.context.support.ActiveProfilesUtils - Could not find an 'annotation declaring class' for annotation type [org.springframework.test.context.ActiveProfiles] and class [com.zhou.essearch.EssearchApplicationTests]
15:38:56.228 [main] DEBUG org.springframework.context.annotation.ClassPathScanningCandidateComponentProvider - Identified candidate component class: file [C:\Users\IDEA_Project\ES-SpringBoot\springboot-elasticsearch\target\classes\com\zhou\essearch\EssearchApplication.class]
15:38:56.228 [main] INFO org.springframework.boot.test.context.SpringBootTestContextBootstrapper - Found @SpringBootConfiguration com.zhou.essearch.EssearchApplication for test class com.zhou.essearch.EssearchApplicationTests
15:38:56.416 [main] DEBUG org.springframework.boot.test.context.SpringBootTestContextBootstrapper - @TestExecutionListeners is not present for class [com.zhou.essearch.EssearchApplicationTests]: using defaults.
15:38:56.416 [main] INFO org.springframework.boot.test.context.SpringBootTestContextBootstrapper - Loaded default TestExecutionListener class names from location [META-INF/spring.factories]: [org.springframework.boot.test.mock.mockito.MockitoTestExecutionListener, org.springframework.boot.test.mock.mockito.ResetMocksTestExecutionListener, org.springframework.boot.test.autoconfigure.restdocs.RestDocsTestExecutionListener, org.springframework.boot.test.autoconfigure.web.client.MockRestServiceServerResetTestExecutionListener, org.springframework.boot.test.autoconfigure.web.servlet.MockMvcPrintOnlyOnFailureTestExecutionListener, org.springframework.boot.test.autoconfigure.web.servlet.WebDriverTestExecutionListener, org.springframework.test.context.web.ServletTestExecutionListener, org.springframework.test.context.support.DirtiesContextBeforeModesTestExecutionListener, org.springframework.test.context.support.DependencyInjectionTestExecutionListener, org.springframework.test.context.support.DirtiesContextTestExecutionListener, org.springframework.test.context.transaction.TransactionalTestExecutionListener, org.springframework.test.context.jdbc.SqlScriptsTestExecutionListener]
15:38:56.478 [main] INFO org.springframework.boot.test.context.SpringBootTestContextBootstrapper - Using TestExecutionListeners: [org.springframework.test.context.web.ServletTestExecutionListener@3541cb24, org.springframework.test.context.support.DirtiesContextBeforeModesTestExecutionListener@2177849e, org.springframework.boot.test.mock.mockito.MockitoTestExecutionListener@40cb8df7, org.springframework.boot.test.autoconfigure.SpringBootDependencyInjectionTestExecutionListener@13b13b5d, org.springframework.test.context.support.DirtiesContextTestExecutionListener@2892dae4, org.springframework.test.context.transaction.TransactionalTestExecutionListener@355ce81c, org.springframework.test.context.jdbc.SqlScriptsTestExecutionListener@29647f75, org.springframework.boot.test.mock.mockito.ResetMocksTestExecutionListener@3315d2d7, org.springframework.boot.test.autoconfigure.restdocs.RestDocsTestExecutionListener@d6e7bab, org.springframework.boot.test.autoconfigure.web.client.MockRestServiceServerResetTestExecutionListener@5fa07e12, org.springframework.boot.test.autoconfigure.web.servlet.MockMvcPrintOnlyOnFailureTestExecutionListener@55b53d44, org.springframework.boot.test.autoconfigure.web.servlet.WebDriverTestExecutionListener@482bce4f]
15:38:56.478 [main] DEBUG org.springframework.test.annotation.ProfileValueUtils - Retrieved @ProfileValueSourceConfiguration [null] for test class [com.zhou.essearch.EssearchApplicationTests]
15:38:56.478 [main] DEBUG org.springframework.test.annotation.ProfileValueUtils - Retrieved ProfileValueSource type [class org.springframework.test.annotation.SystemProfileValueSource] for class [com.zhou.essearch.EssearchApplicationTests]
15:38:56.478 [main] DEBUG org.springframework.test.annotation.ProfileValueUtils - Retrieved @ProfileValueSourceConfiguration [null] for test class [com.zhou.essearch.EssearchApplicationTests]
15:38:56.478 [main] DEBUG org.springframework.test.annotation.ProfileValueUtils - Retrieved ProfileValueSource type [class org.springframework.test.annotation.SystemProfileValueSource] for class [com.zhou.essearch.EssearchApplicationTests]
15:38:56.541 [main] DEBUG org.springframework.test.annotation.ProfileValueUtils - Retrieved @ProfileValueSourceConfiguration [null] for test class [com.zhou.essearch.EssearchApplicationTests]
15:38:56.541 [main] DEBUG org.springframework.test.annotation.ProfileValueUtils - Retrieved ProfileValueSource type [class org.springframework.test.annotation.SystemProfileValueSource] for class [com.zhou.essearch.EssearchApplicationTests]
15:38:56.556 [main] DEBUG org.springframework.test.context.support.AbstractDirtiesContextTestExecutionListener - Before test class: context [DefaultTestContext@3d1cfad4 testClass = EssearchApplicationTests, testInstance = [null], testMethod = [null], testException = [null], mergedContextConfiguration = [WebMergedContextConfiguration@62230c58 testClass = EssearchApplicationTests, locations = '{}', classes = '{class com.zhou.essearch.EssearchApplication}', contextInitializerClasses = '[]', activeProfiles = '{}', propertySourceLocations = '{}', propertySourceProperties = '{org.springframework.boot.test.context.SpringBootTestContextBootstrapper=true}', contextCustomizers = set[org.springframework.boot.test.context.filter.ExcludeFilterContextCustomizer@11e21d0e, org.springframework.boot.test.json.DuplicateJsonObjectContextCustomizerFactory$DuplicateJsonObjectContextCustomizer@3ffcd140, org.springframework.boot.test.mock.mockito.MockitoContextCustomizer@0, org.springframework.boot.test.web.client.TestRestTemplateContextCustomizer@6385cb26, org.springframework.boot.test.web.reactive.server.WebTestClientContextCustomizer@646be2c3, org.springframework.boot.test.autoconfigure.properties.PropertyMappingContextCustomizer@0, org.springframework.boot.test.autoconfigure.web.servlet.WebDriverContextCustomizerFactory$Customizer@f0f2775], resourceBasePath = 'src/main/webapp', contextLoader = 'org.springframework.boot.test.context.SpringBootContextLoader', parent = [null]], attributes = map['org.springframework.test.context.web.ServletTestExecutionListener.activateListener' -> true]], class annotated with @DirtiesContext [false] with mode [null].
15:38:56.556 [main] DEBUG org.springframework.test.annotation.ProfileValueUtils - Retrieved @ProfileValueSourceConfiguration [null] for test class [com.zhou.essearch.EssearchApplicationTests]
15:38:56.556 [main] DEBUG org.springframework.test.annotation.ProfileValueUtils - Retrieved ProfileValueSource type [class org.springframework.test.annotation.SystemProfileValueSource] for class [com.zhou.essearch.EssearchApplicationTests]
15:38:56.587 [main] DEBUG org.springframework.test.context.support.TestPropertySourceUtils - Adding inlined properties to environment: {spring.jmx.enabled=false, org.springframework.boot.test.context.SpringBootTestContextBootstrapper=true, server.port=-1}

  .   ____          _            __ _ _
 /\\ / ___'_ __ _ _(_)_ __  __ _ \ \ \ \
( ( )\___ | '_ | '_| | '_ \/ _` | \ \ \ \
 \\/  ___)| |_)| | | | | || (_| |  ) ) ) )
  '  |____| .__|_| |_|_| |_\__, | / / / /
 =========|_|==============|___/=/_/_/_/
 :: Spring Boot ::        (v2.1.1.RELEASE)

2019-05-23 15:38:57.072  INFO 16344 --- [           main] c.z.essearch.EssearchApplicationTests    : Starting EssearchApplicationTests on WCNLZ250019-OFK with PID 16344 (started by TDInstaller in C:\Users\IDEA_Project\ES-SpringBoot\springboot-elasticsearch)
2019-05-23 15:38:57.072  INFO 16344 --- [           main] c.z.essearch.EssearchApplicationTests    : No active profile set, falling back to default profiles: default
2019-05-23 15:38:58.025  INFO 16344 --- [           main] .s.d.r.c.RepositoryConfigurationDelegate : Bootstrapping Spring Data repositories in DEFAULT mode.
2019-05-23 15:38:58.197  INFO 16344 --- [           main] .s.d.r.c.RepositoryConfigurationDelegate : Finished Spring Data repository scanning in 172ms. Found 1 repository interfaces.
2019-05-23 15:38:59.181  INFO 16344 --- [           main] o.elasticsearch.plugins.PluginsService   : no modules loaded
2019-05-23 15:38:59.181  INFO 16344 --- [           main] o.elasticsearch.plugins.PluginsService   : loaded plugin [org.elasticsearch.index.reindex.ReindexPlugin]
2019-05-23 15:38:59.181  INFO 16344 --- [           main] o.elasticsearch.plugins.PluginsService   : loaded plugin [org.elasticsearch.join.ParentJoinPlugin]
2019-05-23 15:38:59.181  INFO 16344 --- [           main] o.elasticsearch.plugins.PluginsService   : loaded plugin [org.elasticsearch.percolator.PercolatorPlugin]
2019-05-23 15:38:59.181  INFO 16344 --- [           main] o.elasticsearch.plugins.PluginsService   : loaded plugin [org.elasticsearch.script.mustache.MustachePlugin]
2019-05-23 15:38:59.181  INFO 16344 --- [           main] o.elasticsearch.plugins.PluginsService   : loaded plugin [org.elasticsearch.transport.Netty4Plugin]
2019-05-23 15:39:00.759  INFO 16344 --- [           main] o.s.d.e.c.TransportClientFactoryBean     : Adding transport node : 127.0.0.1:9300
2019-05-23 15:39:02.415 ERROR 16344 --- [           main] .d.e.r.s.AbstractElasticsearchRepository : failed to load elasticsearch nodes : org.elasticsearch.client.transport.NoNodeAvailableException: None of the configured nodes are available: [{#transport#-1}{ZkFn02RVRGKsmPklq5QUng}{localhost}{127.0.0.1:9300}]
2019-05-23 15:39:03.274  INFO 16344 --- [           main] o.s.s.concurrent.ThreadPoolTaskExecutor  : Initializing ExecutorService 'applicationTaskExecutor'
2019-05-23 15:39:04.384  INFO 16344 --- [           main] c.z.essearch.EssearchApplicationTests    : Started EssearchApplicationTests in 7.781 seconds (JVM running for 9.127)
]]></system-out>
  </testcase>
  <testcase name="queryHit" classname="com.zhou.essearch.EssearchApplicationTests" time="0.016">
    <error message="None of the configured nodes are available: [{#transport#-1}{ZkFn02RVRGKsmPklq5QUng}{localhost}{127.0.0.1:9300}]" type="org.elasticsearch.client.transport.NoNodeAvailableException">org.elasticsearch.client.transport.NoNodeAvailableException: None of the configured nodes are available: [{#transport#-1}{ZkFn02RVRGKsmPklq5QUng}{localhost}{127.0.0.1:9300}]
	at com.zhou.essearch.EssearchApplicationTests.queryHit(EssearchApplicationTests.java:87)
</error>
  </testcase>
  <testcase name="deleteIndex" classname="com.zhou.essearch.EssearchApplicationTests" time="0">
    <error message="None of the configured nodes are available: [{#transport#-1}{ZkFn02RVRGKsmPklq5QUng}{localhost}{127.0.0.1:9300}]" type="org.elasticsearch.client.transport.NoNodeAvailableException">org.elasticsearch.client.transport.NoNodeAvailableException: None of the configured nodes are available: [{#transport#-1}{ZkFn02RVRGKsmPklq5QUng}{localhost}{127.0.0.1:9300}]
	at com.zhou.essearch.EssearchApplicationTests.deleteIndex(EssearchApplicationTests.java:106)
</error>
    <system-out><![CDATA[2019-05-23 15:39:04.712  INFO 16344 --- [           main] c.z.essearch.EssearchApplicationTests    : 【删除索引库】
]]></system-out>
  </testcase>
  <testcase name="deleteAll" classname="com.zhou.essearch.EssearchApplicationTests" time="0">
    <error message="None of the configured nodes are available: [{#transport#-1}{ZkFn02RVRGKsmPklq5QUng}{localhost}{127.0.0.1:9300}]" type="org.elasticsearch.client.transport.NoNodeAvailableException">org.elasticsearch.client.transport.NoNodeAvailableException: None of the configured nodes are available: [{#transport#-1}{ZkFn02RVRGKsmPklq5QUng}{localhost}{127.0.0.1:9300}]
	at com.zhou.essearch.EssearchApplicationTests.deleteAll(EssearchApplicationTests.java:68)
</error>
  </testcase>
  <testcase name="getById" classname="com.zhou.essearch.EssearchApplicationTests" time="0.015">
    <error message="None of the configured nodes are available: [{#transport#-1}{ZkFn02RVRGKsmPklq5QUng}{localhost}{127.0.0.1:9300}]" type="org.elasticsearch.client.transport.NoNodeAvailableException">org.elasticsearch.client.transport.NoNodeAvailableException: None of the configured nodes are available: [{#transport#-1}{ZkFn02RVRGKsmPklq5QUng}{localhost}{127.0.0.1:9300}]
	at com.zhou.essearch.EssearchApplicationTests.getById(EssearchApplicationTests.java:73)
</error>
  </testcase>
  <testcase name="save" classname="com.zhou.essearch.EssearchApplicationTests" time="0">
    <error message="None of the configured nodes are available: [{#transport#-1}{ZkFn02RVRGKsmPklq5QUng}{localhost}{127.0.0.1:9300}]" type="org.elasticsearch.client.transport.NoNodeAvailableException">org.elasticsearch.client.transport.NoNodeAvailableException: None of the configured nodes are available: [{#transport#-1}{ZkFn02RVRGKsmPklq5QUng}{localhost}{127.0.0.1:9300}]
	at com.zhou.essearch.EssearchApplicationTests.save(EssearchApplicationTests.java:30)
</error>
  </testcase>
  <testcase name="query" classname="com.zhou.essearch.EssearchApplicationTests" time="0.016">
    <error message="None of the configured nodes are available: [{#transport#-1}{ZkFn02RVRGKsmPklq5QUng}{localhost}{127.0.0.1:9300}]" type="org.elasticsearch.client.transport.NoNodeAvailableException">org.elasticsearch.client.transport.NoNodeAvailableException: None of the configured nodes are available: [{#transport#-1}{ZkFn02RVRGKsmPklq5QUng}{localhost}{127.0.0.1:9300}]
	at com.zhou.essearch.EssearchApplicationTests.query(EssearchApplicationTests.java:78)
</error>
  </testcase>
  <testcase name="queryHitByPage" classname="com.zhou.essearch.EssearchApplicationTests" time="0">
    <error message="None of the configured nodes are available: [{#transport#-1}{ZkFn02RVRGKsmPklq5QUng}{localhost}{127.0.0.1:9300}]" type="org.elasticsearch.client.transport.NoNodeAvailableException">org.elasticsearch.client.transport.NoNodeAvailableException: None of the configured nodes are available: [{#transport#-1}{ZkFn02RVRGKsmPklq5QUng}{localhost}{127.0.0.1:9300}]
	at com.zhou.essearch.EssearchApplicationTests.queryHitByPage(EssearchApplicationTests.java:98)
</error>
  </testcase>
</testsuite>